<?xml version="1.0" encoding="UTF-8"?>
<robot generator="Robot 6.1.1 (Python 3.10.12 on linux)" generated="20231115 22:10:33.918" rpa="false" schemaversion="4">
<suite id="s1" name="Tests" source="/home/rpessi/palautusrepositorio/viikko3/web-login/src/tests">
<suite id="s1-s1" name="Home" source="/home/rpessi/palautusrepositorio/viikko3/web-login/src/tests/home.robot">
<kw name="Open And Configure Browser" library="resource" type="SETUP">
<kw name="Evaluate" library="BuiltIn">
<var>${options}</var>
<arg>sys.modules['selenium.webdriver'].ChromeOptions()</arg>
<arg>sys</arg>
<doc>Evaluates the given expression in Python and returns the result.</doc>
<msg timestamp="20231115 22:10:34.019" level="INFO">${options} = &lt;selenium.webdriver.chrome.options.Options object at 0x7fd8efe37cd0&gt;</msg>
<status status="PASS" starttime="20231115 22:10:34.019" endtime="20231115 22:10:34.019"/>
</kw>
<kw name="Call Method" library="BuiltIn">
<arg>${options}</arg>
<arg>add_argument</arg>
<arg>--no-sandbox</arg>
<doc>Calls the named method of the given object with the provided arguments.</doc>
<status status="PASS" starttime="20231115 22:10:34.019" endtime="20231115 22:10:34.019"/>
</kw>
<kw name="Open Browser" library="SeleniumLibrary">
<arg>browser=chrome</arg>
<arg>options=${options}</arg>
<doc>Opens a new browser instance to the optional ``url``.</doc>
<msg timestamp="20231115 22:10:34.020" level="INFO">Opening browser 'chrome' to base url 'None'.</msg>
<status status="PASS" starttime="20231115 22:10:34.019" endtime="20231115 22:10:34.836"/>
</kw>
<kw name="Set Selenium Speed" library="SeleniumLibrary">
<arg>${DELAY}</arg>
<doc>Sets the delay that is waited after each Selenium command.</doc>
<status status="PASS" starttime="20231115 22:10:34.836" endtime="20231115 22:10:34.836"/>
</kw>
<status status="PASS" starttime="20231115 22:10:34.019" endtime="20231115 22:10:34.837"/>
</kw>
<test id="s1-s1-t1" name="Click Login Link" line="8">
<kw name="Go To Starting Page" library="resource" type="SETUP">
<kw name="Go To" library="SeleniumLibrary">
<arg>${HOME_URL}</arg>
<doc>Navigates the current browser window to the provided ``url``.</doc>
<msg timestamp="20231115 22:10:34.837" level="INFO">Opening url 'http://localhost:5001'</msg>
<status status="PASS" starttime="20231115 22:10:34.837" endtime="20231115 22:10:35.391"/>
</kw>
<status status="PASS" starttime="20231115 22:10:34.837" endtime="20231115 22:10:35.391"/>
</kw>
<kw name="Click Link" library="SeleniumLibrary">
<arg>Login</arg>
<doc>Clicks a link identified by ``locator``.</doc>
<msg timestamp="20231115 22:10:35.392" level="INFO">Clicking link 'Login'.</msg>
<status status="PASS" starttime="20231115 22:10:35.391" endtime="20231115 22:10:36.997"/>
</kw>
<kw name="Login Page Should Be Open" library="resource">
<kw name="Title Should Be" library="SeleniumLibrary">
<arg>Login</arg>
<doc>Verifies that the current page title equals ``title``.</doc>
<msg timestamp="20231115 22:10:37.510" level="INFO">Page title is 'Login'.</msg>
<status status="PASS" starttime="20231115 22:10:36.998" endtime="20231115 22:10:37.510"/>
</kw>
<status status="PASS" starttime="20231115 22:10:36.998" endtime="20231115 22:10:37.510"/>
</kw>
<status status="PASS" starttime="20231115 22:10:34.837" endtime="20231115 22:10:37.511"/>
</test>
<test id="s1-s1-t2" name="Click Register Link" line="12">
<kw name="Go To Starting Page" library="resource" type="SETUP">
<kw name="Go To" library="SeleniumLibrary">
<arg>${HOME_URL}</arg>
<doc>Navigates the current browser window to the provided ``url``.</doc>
<msg timestamp="20231115 22:10:37.513" level="INFO">Opening url 'http://localhost:5001'</msg>
<status status="PASS" starttime="20231115 22:10:37.513" endtime="20231115 22:10:38.032"/>
</kw>
<status status="PASS" starttime="20231115 22:10:37.512" endtime="20231115 22:10:38.033"/>
</kw>
<kw name="Click Link" library="SeleniumLibrary">
<arg>Register new user</arg>
<doc>Clicks a link identified by ``locator``.</doc>
<msg timestamp="20231115 22:10:38.034" level="INFO">Clicking link 'Register new user'.</msg>
<status status="PASS" starttime="20231115 22:10:38.033" endtime="20231115 22:10:39.608"/>
</kw>
<kw name="Register Page Should Be Open" library="resource">
<kw name="Title Should Be" library="SeleniumLibrary">
<arg>Register</arg>
<doc>Verifies that the current page title equals ``title``.</doc>
<msg timestamp="20231115 22:10:40.120" level="INFO">Page title is 'Register'.</msg>
<status status="PASS" starttime="20231115 22:10:39.609" endtime="20231115 22:10:40.120"/>
</kw>
<status status="PASS" starttime="20231115 22:10:39.609" endtime="20231115 22:10:40.120"/>
</kw>
<status status="PASS" starttime="20231115 22:10:37.511" endtime="20231115 22:10:40.121"/>
</test>
<kw name="Close Browser" library="SeleniumLibrary" type="TEARDOWN">
<doc>Closes the current browser.</doc>
<status status="PASS" starttime="20231115 22:10:40.122" endtime="20231115 22:10:40.682"/>
</kw>
<status status="PASS" starttime="20231115 22:10:33.928" endtime="20231115 22:10:40.682"/>
</suite>
<suite id="s1-s2" name="Login" source="/home/rpessi/palautusrepositorio/viikko3/web-login/src/tests/login.robot">
<kw name="Open And Configure Browser" library="resource" type="SETUP">
<kw name="Evaluate" library="BuiltIn">
<var>${options}</var>
<arg>sys.modules['selenium.webdriver'].ChromeOptions()</arg>
<arg>sys</arg>
<doc>Evaluates the given expression in Python and returns the result.</doc>
<msg timestamp="20231115 22:10:40.688" level="INFO">${options} = &lt;selenium.webdriver.chrome.options.Options object at 0x7fd8efb71360&gt;</msg>
<status status="PASS" starttime="20231115 22:10:40.688" endtime="20231115 22:10:40.688"/>
</kw>
<kw name="Call Method" library="BuiltIn">
<arg>${options}</arg>
<arg>add_argument</arg>
<arg>--no-sandbox</arg>
<doc>Calls the named method of the given object with the provided arguments.</doc>
<status status="PASS" starttime="20231115 22:10:40.688" endtime="20231115 22:10:40.688"/>
</kw>
<kw name="Open Browser" library="SeleniumLibrary">
<arg>browser=chrome</arg>
<arg>options=${options}</arg>
<doc>Opens a new browser instance to the optional ``url``.</doc>
<msg timestamp="20231115 22:10:40.689" level="INFO">Opening browser 'chrome' to base url 'None'.</msg>
<status status="PASS" starttime="20231115 22:10:40.688" endtime="20231115 22:10:41.542"/>
</kw>
<kw name="Set Selenium Speed" library="SeleniumLibrary">
<arg>${DELAY}</arg>
<doc>Sets the delay that is waited after each Selenium command.</doc>
<status status="PASS" starttime="20231115 22:10:41.542" endtime="20231115 22:10:41.542"/>
</kw>
<status status="PASS" starttime="20231115 22:10:40.688" endtime="20231115 22:10:41.542"/>
</kw>
<test id="s1-s2-t1" name="Login With Correct Credentials" line="8">
<kw name="Create User And Go To Login Page" type="SETUP">
<kw name="Create User" library="AppLibrary">
<arg>kalle</arg>
<arg>kalle123</arg>
<status status="PASS" starttime="20231115 22:10:41.543" endtime="20231115 22:10:41.548"/>
</kw>
<kw name="Go To Login Page" library="resource">
<kw name="Go To" library="SeleniumLibrary">
<arg>${LOGIN_URL}</arg>
<doc>Navigates the current browser window to the provided ``url``.</doc>
<msg timestamp="20231115 22:10:41.549" level="INFO">Opening url 'http://localhost:5001/login'</msg>
<status status="PASS" starttime="20231115 22:10:41.549" endtime="20231115 22:10:42.099"/>
</kw>
<status status="PASS" starttime="20231115 22:10:41.548" endtime="20231115 22:10:42.099"/>
</kw>
<kw name="Login Page Should Be Open" library="resource">
<kw name="Title Should Be" library="SeleniumLibrary">
<arg>Login</arg>
<doc>Verifies that the current page title equals ``title``.</doc>
<msg timestamp="20231115 22:10:42.613" level="INFO">Page title is 'Login'.</msg>
<status status="PASS" starttime="20231115 22:10:42.100" endtime="20231115 22:10:42.613"/>
</kw>
<status status="PASS" starttime="20231115 22:10:42.100" endtime="20231115 22:10:42.613"/>
</kw>
<status status="PASS" starttime="20231115 22:10:41.542" endtime="20231115 22:10:42.613"/>
</kw>
<kw name="Set Username">
<arg>kalle</arg>
<kw name="Input Text" library="SeleniumLibrary">
<arg>username</arg>
<arg>${username}</arg>
<doc>Types the given ``text`` into the text field identified by ``locator``.</doc>
<msg timestamp="20231115 22:10:42.615" level="INFO">Typing text 'kalle' into text field 'username'.</msg>
<status status="PASS" starttime="20231115 22:10:42.614" endtime="20231115 22:10:44.242"/>
</kw>
<status status="PASS" starttime="20231115 22:10:42.614" endtime="20231115 22:10:44.242"/>
</kw>
<kw name="Set Password">
<arg>kalle123</arg>
<kw name="Input Password" library="SeleniumLibrary">
<arg>password</arg>
<arg>${password}</arg>
<doc>Types the given password into the text field identified by ``locator``.</doc>
<msg timestamp="20231115 22:10:44.244" level="INFO">Typing password into text field 'password'.</msg>
<msg timestamp="20231115 22:10:45.293" level="INFO">Temporally setting log level to: NONE</msg>
<msg timestamp="20231115 22:10:45.835" level="INFO">Log level changed from NONE to INFO.</msg>
<status status="PASS" starttime="20231115 22:10:44.243" endtime="20231115 22:10:45.835"/>
</kw>
<status status="PASS" starttime="20231115 22:10:44.242" endtime="20231115 22:10:45.835"/>
</kw>
<kw name="Submit Credentials">
<kw name="Click Button" library="SeleniumLibrary">
<arg>Login</arg>
<doc>Clicks the button identified by ``locator``.</doc>
<msg timestamp="20231115 22:10:45.837" level="INFO">Clicking button 'Login'.</msg>
<status status="PASS" starttime="20231115 22:10:45.836" endtime="20231115 22:10:47.934"/>
</kw>
<status status="PASS" starttime="20231115 22:10:45.835" endtime="20231115 22:10:47.934"/>
</kw>
<kw name="Login Should Succeed">
<kw name="Main Page Should Be Open" library="resource">
<kw name="Title Should Be" library="SeleniumLibrary">
<arg>Ohtu Application main page</arg>
<doc>Verifies that the current page title equals ``title``.</doc>
<msg timestamp="20231115 22:10:48.446" level="INFO">Page title is 'Ohtu Application main page'.</msg>
<status status="PASS" starttime="20231115 22:10:47.935" endtime="20231115 22:10:48.446"/>
</kw>
<status status="PASS" starttime="20231115 22:10:47.935" endtime="20231115 22:10:48.446"/>
</kw>
<status status="PASS" starttime="20231115 22:10:47.934" endtime="20231115 22:10:48.446"/>
</kw>
<status status="PASS" starttime="20231115 22:10:41.542" endtime="20231115 22:10:48.447"/>
</test>
<test id="s1-s2-t2" name="Login With Incorrect Password" line="14">
<kw name="Create User And Go To Login Page" type="SETUP">
<kw name="Create User" library="AppLibrary">
<arg>kalle</arg>
<arg>kalle123</arg>
<status status="PASS" starttime="20231115 22:10:48.449" endtime="20231115 22:10:48.463"/>
</kw>
<kw name="Go To Login Page" library="resource">
<kw name="Go To" library="SeleniumLibrary">
<arg>${LOGIN_URL}</arg>
<doc>Navigates the current browser window to the provided ``url``.</doc>
<msg timestamp="20231115 22:10:48.464" level="INFO">Opening url 'http://localhost:5001/login'</msg>
<status status="PASS" starttime="20231115 22:10:48.464" endtime="20231115 22:10:48.984"/>
</kw>
<status status="PASS" starttime="20231115 22:10:48.463" endtime="20231115 22:10:48.984"/>
</kw>
<kw name="Login Page Should Be Open" library="resource">
<kw name="Title Should Be" library="SeleniumLibrary">
<arg>Login</arg>
<doc>Verifies that the current page title equals ``title``.</doc>
<msg timestamp="20231115 22:10:49.495" level="INFO">Page title is 'Login'.</msg>
<status status="PASS" starttime="20231115 22:10:48.985" endtime="20231115 22:10:49.495"/>
</kw>
<status status="PASS" starttime="20231115 22:10:48.984" endtime="20231115 22:10:49.495"/>
</kw>
<status status="PASS" starttime="20231115 22:10:48.448" endtime="20231115 22:10:49.495"/>
</kw>
<kw name="Set Username">
<arg>kalle</arg>
<kw name="Input Text" library="SeleniumLibrary">
<arg>username</arg>
<arg>${username}</arg>
<doc>Types the given ``text`` into the text field identified by ``locator``.</doc>
<msg timestamp="20231115 22:10:49.498" level="INFO">Typing text 'kalle' into text field 'username'.</msg>
<status status="PASS" starttime="20231115 22:10:49.496" endtime="20231115 22:10:51.085"/>
</kw>
<status status="PASS" starttime="20231115 22:10:49.496" endtime="20231115 22:10:51.085"/>
</kw>
<kw name="Set Password">
<arg>kalle456</arg>
<kw name="Input Password" library="SeleniumLibrary">
<arg>password</arg>
<arg>${password}</arg>
<doc>Types the given password into the text field identified by ``locator``.</doc>
<msg timestamp="20231115 22:10:51.087" level="INFO">Typing password into text field 'password'.</msg>
<msg timestamp="20231115 22:10:52.124" level="INFO">Temporally setting log level to: NONE</msg>
<msg timestamp="20231115 22:10:52.667" level="INFO">Log level changed from NONE to INFO.</msg>
<status status="PASS" starttime="20231115 22:10:51.086" endtime="20231115 22:10:52.667"/>
</kw>
<status status="PASS" starttime="20231115 22:10:51.085" endtime="20231115 22:10:52.667"/>
</kw>
<kw name="Submit Credentials">
<kw name="Click Button" library="SeleniumLibrary">
<arg>Login</arg>
<doc>Clicks the button identified by ``locator``.</doc>
<msg timestamp="20231115 22:10:52.669" level="INFO">Clicking button 'Login'.</msg>
<status status="PASS" starttime="20231115 22:10:52.668" endtime="20231115 22:10:54.741"/>
</kw>
<status status="PASS" starttime="20231115 22:10:52.667" endtime="20231115 22:10:54.742"/>
</kw>
<kw name="Login Should Fail With Message">
<arg>Invalid username or password</arg>
<kw name="Login Page Should Be Open" library="resource">
<kw name="Title Should Be" library="SeleniumLibrary">
<arg>Login</arg>
<doc>Verifies that the current page title equals ``title``.</doc>
<msg timestamp="20231115 22:10:55.254" level="INFO">Page title is 'Login'.</msg>
<status status="PASS" starttime="20231115 22:10:54.743" endtime="20231115 22:10:55.254"/>
</kw>
<status status="PASS" starttime="20231115 22:10:54.743" endtime="20231115 22:10:55.254"/>
</kw>
<kw name="Page Should Contain" library="SeleniumLibrary">
<arg>${message}</arg>
<doc>Verifies that current page contains ``text``.</doc>
<msg timestamp="20231115 22:10:56.283" level="INFO">Current page contains text 'Invalid username or password'.</msg>
<status status="PASS" starttime="20231115 22:10:55.254" endtime="20231115 22:10:56.284"/>
</kw>
<status status="PASS" starttime="20231115 22:10:54.742" endtime="20231115 22:10:56.284"/>
</kw>
<status status="PASS" starttime="20231115 22:10:48.448" endtime="20231115 22:10:56.284"/>
</test>
<test id="s1-s2-t3" name="Login With Nonexistent Username" line="20">
<kw name="Create User And Go To Login Page" type="SETUP">
<kw name="Create User" library="AppLibrary">
<arg>kalle</arg>
<arg>kalle123</arg>
<status status="PASS" starttime="20231115 22:10:56.286" endtime="20231115 22:10:56.301"/>
</kw>
<kw name="Go To Login Page" library="resource">
<kw name="Go To" library="SeleniumLibrary">
<arg>${LOGIN_URL}</arg>
<doc>Navigates the current browser window to the provided ``url``.</doc>
<msg timestamp="20231115 22:10:56.302" level="INFO">Opening url 'http://localhost:5001/login'</msg>
<status status="PASS" starttime="20231115 22:10:56.301" endtime="20231115 22:10:56.822"/>
</kw>
<status status="PASS" starttime="20231115 22:10:56.301" endtime="20231115 22:10:56.822"/>
</kw>
<kw name="Login Page Should Be Open" library="resource">
<kw name="Title Should Be" library="SeleniumLibrary">
<arg>Login</arg>
<doc>Verifies that the current page title equals ``title``.</doc>
<msg timestamp="20231115 22:10:57.333" level="INFO">Page title is 'Login'.</msg>
<status status="PASS" starttime="20231115 22:10:56.823" endtime="20231115 22:10:57.333"/>
</kw>
<status status="PASS" starttime="20231115 22:10:56.823" endtime="20231115 22:10:57.333"/>
</kw>
<status status="PASS" starttime="20231115 22:10:56.286" endtime="20231115 22:10:57.334"/>
</kw>
<kw name="Set Username">
<arg>maija</arg>
<kw name="Input Text" library="SeleniumLibrary">
<arg>username</arg>
<arg>${username}</arg>
<doc>Types the given ``text`` into the text field identified by ``locator``.</doc>
<msg timestamp="20231115 22:10:57.336" level="INFO">Typing text 'maija' into text field 'username'.</msg>
<status status="PASS" starttime="20231115 22:10:57.335" endtime="20231115 22:10:58.921"/>
</kw>
<status status="PASS" starttime="20231115 22:10:57.334" endtime="20231115 22:10:58.921"/>
</kw>
<kw name="Set Password">
<arg>maija123</arg>
<kw name="Input Password" library="SeleniumLibrary">
<arg>password</arg>
<arg>${password}</arg>
<doc>Types the given password into the text field identified by ``locator``.</doc>
<msg timestamp="20231115 22:10:58.923" level="INFO">Typing password into text field 'password'.</msg>
<msg timestamp="20231115 22:10:59.974" level="INFO">Temporally setting log level to: NONE</msg>
<msg timestamp="20231115 22:11:00.520" level="INFO">Log level changed from NONE to INFO.</msg>
<status status="PASS" starttime="20231115 22:10:58.922" endtime="20231115 22:11:00.520"/>
</kw>
<status status="PASS" starttime="20231115 22:10:58.921" endtime="20231115 22:11:00.520"/>
</kw>
<kw name="Submit Credentials">
<kw name="Click Button" library="SeleniumLibrary">
<arg>Login</arg>
<doc>Clicks the button identified by ``locator``.</doc>
<msg timestamp="20231115 22:11:00.522" level="INFO">Clicking button 'Login'.</msg>
<status status="PASS" starttime="20231115 22:11:00.521" endtime="20231115 22:11:02.597"/>
</kw>
<status status="PASS" starttime="20231115 22:11:00.520" endtime="20231115 22:11:02.597"/>
</kw>
<kw name="Login Should Fail With Message">
<arg>Invalid username or password</arg>
<kw name="Login Page Should Be Open" library="resource">
<kw name="Title Should Be" library="SeleniumLibrary">
<arg>Login</arg>
<doc>Verifies that the current page title equals ``title``.</doc>
<msg timestamp="20231115 22:11:03.109" level="INFO">Page title is 'Login'.</msg>
<status status="PASS" starttime="20231115 22:11:02.599" endtime="20231115 22:11:03.109"/>
</kw>
<status status="PASS" starttime="20231115 22:11:02.598" endtime="20231115 22:11:03.109"/>
</kw>
<kw name="Page Should Contain" library="SeleniumLibrary">
<arg>${message}</arg>
<doc>Verifies that current page contains ``text``.</doc>
<msg timestamp="20231115 22:11:04.134" level="INFO">Current page contains text 'Invalid username or password'.</msg>
<status status="PASS" starttime="20231115 22:11:03.109" endtime="20231115 22:11:04.134"/>
</kw>
<status status="PASS" starttime="20231115 22:11:02.597" endtime="20231115 22:11:04.134"/>
</kw>
<status status="PASS" starttime="20231115 22:10:56.285" endtime="20231115 22:11:04.135"/>
</test>
<kw name="Close Browser" library="SeleniumLibrary" type="TEARDOWN">
<doc>Closes the current browser.</doc>
<status status="PASS" starttime="20231115 22:11:04.136" endtime="20231115 22:11:04.691"/>
</kw>
<status status="PASS" starttime="20231115 22:10:40.684" endtime="20231115 22:11:04.691"/>
</suite>
<status status="PASS" starttime="20231115 22:10:33.918" endtime="20231115 22:11:04.692"/>
</suite>
<statistics>
<total>
<stat pass="5" fail="0" skip="0">All Tests</stat>
</total>
<tag>
</tag>
<suite>
<stat pass="5" fail="0" skip="0" id="s1" name="Tests">Tests</stat>
<stat pass="2" fail="0" skip="0" id="s1-s1" name="Home">Tests.Home</stat>
<stat pass="3" fail="0" skip="0" id="s1-s2" name="Login">Tests.Login</stat>
</suite>
</statistics>
<errors>
</errors>
</robot>
